<?xml version="1.0" encoding="UTF-8"?>
<!-- Generated by org.testng.reporters.JUnitReportReporter -->
<testsuite hostname="Z51" failures="0" tests="2" name="Runner.TestApplication" time="34.369" errors="0" timestamp="2021-11-09T16:11:15 IST" skipped="0">
  <testcase classname="Runner.TestApplication" name="runScenario" time="10.155"/>
  <system-out/>
  <testcase classname="Runner.TestApplication" name="runScenario" time="24.214"/>
  <system-out/>
</testsuite> <!-- Runner.TestApplication -->
